2026-04-11T16:30:13+05:30 | git@github-rocket:vedang-rocket/cliently.git | no hint
2026-04-11T16:32:33+05:30 | git@github-rocket:vedang-rocket/cliently.git | no hint
2026-04-11T16:35:59+05:30 | git@github-rocket:vedang-rocket/wedcraft_5415 | no hint
2026-04-11T16:45:51+05:30 | cliently | no hint
2026-04-11T16:47:51+05:30 | cliently | no hint
2026-04-11T17:13:11+05:30 | cliently | no hint
2026-04-12T23:49:04+05:30 | wedcraft_5415 | no hint
2026-04-13T00:48:32+05:30 | rocket-support (local) | no hint
2026-04-13T00:49:50+05:30 | wedcraft (local) | no hint
2026-04-13T01:15:12+05:30 | wedcraft (local) | no hint
2026-04-13T01:16:43+05:30 | wedcraft_5415 (local) | no hint
2026-04-13T01:25:46+05:30 | wedcraft (local) | no hint
2026-04-13T01:26:18+05:30 | wedcraft_5415 (local) | no hint
2026-04-13T01:28:27+05:30 | wedcraft (local) | no hint
2026-04-13T01:28:53+05:30 | wedcraft_5415 (local) | no hint
2026-04-13T10:33:38+05:30 | wedcraft | no hint
2026-04-13T10:36:40+05:30 | wedcraft (local) | no hint
2026-04-13T10:52:58+05:30 | wedcraft_5415 (local) | no hint
2026-04-13T11:00:34+05:30 | wedcraft (local) | no hint
2026-04-13T11:01:18+05:30 | wedcraft_5415 (local) | no hint
2026-04-13T11:12:25+05:30 | wedcraft (local) | no hint
2026-04-13T11:14:49+05:30 | wedcraft (local) | no hint
2026-04-13T11:23:35+05:30 | wedcraft (local) | no hint
2026-04-13T11:47:42+05:30 | wedcraft_5415 | no hint
2026-04-13T11:48:06+05:30 | wedcraft (local) | no hint
2026-04-13T11:53:09+05:30 | wedcraft (local) | no hint
2026-04-13T12:08:33+05:30 | wedcraft (local) | no hint
2026-04-13T12:11:52+05:30 | wedcraft (local) | no hint
